Started GET "/" for 127.0.0.1 at 2017-10-13 10:41:31 +1000
  
AbstractController::Helpers::MissingHelperError (Missing helper file helpers/c:/code/s2/pair_program/app/helpers/application_helper.rb_helper.rb):
  
actionpack (5.1.4) lib/abstract_controller/helpers.rb:152:in `rescue in block in modules_for_helpers'
actionpack (5.1.4) lib/abstract_controller/helpers.rb:149:in `block in modules_for_helpers'
actionpack (5.1.4) lib/abstract_controller/helpers.rb:145:in `map!'
actionpack (5.1.4) lib/abstract_controller/helpers.rb:145:in `modules_for_helpers'
actionpack (5.1.4) lib/action_controller/metal/helpers.rb:93:in `modules_for_helpers'
actionpack (5.1.4) lib/abstract_controller/helpers.rb:109:in `helper'
actionpack (5.1.4) lib/action_controller/railties/helpers.rb:17:in `inherited'
railties (5.1.4) lib/rails/application_controller.rb:1:in `<top (required)>'
activesupport (5.1.4) lib/active_support/dependencies.rb:292:in `require'
activesupport (5.1.4) lib/active_support/dependencies.rb:292:in `block in require'
activesupport (5.1.4) lib/active_support/dependencies.rb:258:in `load_dependency'
activesupport (5.1.4) lib/active_support/dependencies.rb:292:in `require'
railties (5.1.4) lib/rails/welcome_controller.rb:1:in `<top (required)>'
activesupport (5.1.4) lib/active_support/dependencies.rb:292:in `require'
activesupport (5.1.4) lib/active_support/dependencies.rb:292:in `block in require'
activesupport (5.1.4) lib/active_support/dependencies.rb:258:in `load_dependency'
activesupport (5.1.4) lib/active_support/dependencies.rb:292:in `require'
activesupport (5.1.4) lib/active_support/inflector/methods.rb:271:in `const_get'
activesupport (5.1.4) lib/active_support/inflector/methods.rb:271:in `block in constantize'
activesupport (5.1.4) lib/active_support/inflector/methods.rb:267:in `each'
activesupport (5.1.4) lib/active_support/inflector/methods.rb:267:in `inject'
activesupport (5.1.4) lib/active_support/inflector/methods.rb:267:in `constantize'
activesupport (5.1.4) lib/active_support/dependencies.rb:582:in `get'
activesupport (5.1.4) lib/active_support/dependencies.rb:613:in `constantize'
actionpack (5.1.4) lib/action_dispatch/http/request.rb:85:in `controller_class_for'
actionpack (5.1.4) lib/action_dispatch/http/parameters.rb:99:in `binary_params_for?'
actionpack (5.1.4) lib/action_dispatch/http/parameters.rb:90:in `set_binary_encoding'
actionpack (5.1.4) lib/action_dispatch/http/parameters.rb:67:in `path_parameters='
actionpack (5.1.4) lib/action_dispatch/journey/router.rb:48:in `block in serve'
actionpack (5.1.4) lib/action_dispatch/journey/router.rb:33:in `each'
actionpack (5.1.4) lib/action_dispatch/journey/router.rb:33:in `serve'
actionpack (5.1.4) lib/action_dispatch/routing/route_set.rb:834:in `call'
rack (2.0.3) lib/rack/etag.rb:25:in `call'
rack (2.0.3) lib/rack/conditional_get.rb:25:in `call'
rack (2.0.3) lib/rack/head.rb:12:in `call'
rack (2.0.3) lib/rack/session/abstract/id.rb:232:in `context'
rack (2.0.3) lib/rack/session/abstract/id.rb:226:in `call'
actionpack (5.1.4) lib/action_dispatch/middleware/cookies.rb:613:in `call'
activerecord (5.1.4) lib/active_record/migration.rb:556:in `call'
actionpack (5.1.4) lib/action_dispatch/middleware/callbacks.rb:26:in `block in call'
activesupport (5.1.4) lib/active_support/callbacks.rb:97:in `run_callbacks'
actionpack (5.1.4) lib/action_dispatch/middleware/callbacks.rb:24:in `call'
actionpack (5.1.4) lib/action_dispatch/middleware/executor.rb:12:in `call'
actionpack (5.1.4) lib/action_dispatch/middleware/debug_exceptions.rb:59:in `call'
web-console (3.5.1) lib/web_console/middleware.rb:135:in `call_app'
web-console (3.5.1) lib/web_console/middleware.rb:28:in `block in call'
web-console (3.5.1) lib/web_console/middleware.rb:18:in `catch'
web-console (3.5.1) lib/web_console/middleware.rb:18:in `call'
actionpack (5.1.4) lib/action_dispatch/middleware/show_exceptions.rb:31:in `call'
railties (5.1.4) lib/rails/rack/logger.rb:36:in `call_app'
railties (5.1.4) lib/rails/rack/logger.rb:24:in `block in call'
activesupport (5.1.4) lib/active_support/tagged_logging.rb:69:in `block in tagged'
activesupport (5.1.4) lib/active_support/tagged_logging.rb:26:in `tagged'
activesupport (5.1.4) lib/active_support/tagged_logging.rb:69:in `tagged'
railties (5.1.4) lib/rails/rack/logger.rb:24:in `call'
sprockets-rails (3.2.1) lib/sprockets/rails/quiet_assets.rb:13:in `call'
actionpack (5.1.4) lib/action_dispatch/middleware/remote_ip.rb:79:in `call'
actionpack (5.1.4) lib/action_dispatch/middleware/request_id.rb:25:in `call'
rack (2.0.3) lib/rack/method_override.rb:22:in `call'
rack (2.0.3) lib/rack/runtime.rb:22:in `call'
activesupport (5.1.4) lib/active_support/cache/strategy/local_cache_middleware.rb:27:in `call'
actionpack (5.1.4) lib/action_dispatch/middleware/executor.rb:12:in `call'
actionpack (5.1.4) lib/action_dispatch/middleware/static.rb:125:in `call'
rack (2.0.3) lib/rack/sendfile.rb:111:in `call'
railties (5.1.4) lib/rails/engine.rb:522:in `call'
puma (3.10.0) lib/puma/configuration.rb:225:in `call'
puma (3.10.0) lib/puma/server.rb:605:in `handle_request'
puma (3.10.0) lib/puma/server.rb:437:in `process_client'
puma (3.10.0) lib/puma/server.rb:301:in `block in run'
puma (3.10.0) lib/puma/thread_pool.rb:120:in `block in spawn_thread'
Started GET "/" for 127.0.0.1 at 2017-10-13 10:42:23 +1000
Processing by Rails::WelcomeController#index as HTML
  Rendering C:/Coding/Ruby/lib/ruby/gems/2.4.0/gems/railties-5.1.4/lib/rails/templates/rails/welcome/index.html.erb
  Rendered C:/Coding/Ruby/lib/ruby/gems/2.4.0/gems/railties-5.1.4/lib/rails/templates/rails/welcome/index.html.erb (4.0ms)
Completed 200 OK in 472ms (Views: 44.4ms)


Started GET "/home" for 127.0.0.1 at 2017-10-13 10:44:59 +1000
  
ActionController::RoutingError (No route matches [GET] "/home"):
  
actionpack (5.1.4) lib/action_dispatch/middleware/debug_exceptions.rb:63:in `call'
web-console (3.5.1) lib/web_console/middleware.rb:135:in `call_app'
web-console (3.5.1) lib/web_console/middleware.rb:28:in `block in call'
web-console (3.5.1) lib/web_console/middleware.rb:18:in `catch'
web-console (3.5.1) lib/web_console/middleware.rb:18:in `call'
actionpack (5.1.4) lib/action_dispatch/middleware/show_exceptions.rb:31:in `call'
railties (5.1.4) lib/rails/rack/logger.rb:36:in `call_app'
railties (5.1.4) lib/rails/rack/logger.rb:24:in `block in call'
activesupport (5.1.4) lib/active_support/tagged_logging.rb:69:in `block in tagged'
activesupport (5.1.4) lib/active_support/tagged_logging.rb:26:in `tagged'
activesupport (5.1.4) lib/active_support/tagged_logging.rb:69:in `tagged'
railties (5.1.4) lib/rails/rack/logger.rb:24:in `call'
sprockets-rails (3.2.1) lib/sprockets/rails/quiet_assets.rb:13:in `call'
actionpack (5.1.4) lib/action_dispatch/middleware/remote_ip.rb:79:in `call'
actionpack (5.1.4) lib/action_dispatch/middleware/request_id.rb:25:in `call'
rack (2.0.3) lib/rack/method_override.rb:22:in `call'
rack (2.0.3) lib/rack/runtime.rb:22:in `call'
activesupport (5.1.4) lib/active_support/cache/strategy/local_cache_middleware.rb:27:in `call'
actionpack (5.1.4) lib/action_dispatch/middleware/executor.rb:12:in `call'
actionpack (5.1.4) lib/action_dispatch/middleware/static.rb:125:in `call'
rack (2.0.3) lib/rack/sendfile.rb:111:in `call'
railties (5.1.4) lib/rails/engine.rb:522:in `call'
puma (3.10.0) lib/puma/configuration.rb:225:in `call'
puma (3.10.0) lib/puma/server.rb:605:in `handle_request'
puma (3.10.0) lib/puma/server.rb:437:in `process_client'
puma (3.10.0) lib/puma/server.rb:301:in `block in run'
puma (3.10.0) lib/puma/thread_pool.rb:120:in `block in spawn_thread'
Started GET "/pages/home" for 127.0.0.1 at 2017-10-13 10:45:17 +1000
Processing by PagesController#home as HTML
  Rendering pages/home.html.erb within layouts/application
  Rendered pages/home.html.erb within layouts/application (0.0ms)
Completed 200 OK in 2824ms (Views: 2436.8ms)


Started GET "/page/home" for 127.0.0.1 at 2017-10-13 10:45:42 +1000
  
ActionController::RoutingError (No route matches [GET] "/page/home"):
  
actionpack (5.1.4) lib/action_dispatch/middleware/debug_exceptions.rb:63:in `call'
web-console (3.5.1) lib/web_console/middleware.rb:135:in `call_app'
web-console (3.5.1) lib/web_console/middleware.rb:28:in `block in call'
web-console (3.5.1) lib/web_console/middleware.rb:18:in `catch'
web-console (3.5.1) lib/web_console/middleware.rb:18:in `call'
actionpack (5.1.4) lib/action_dispatch/middleware/show_exceptions.rb:31:in `call'
railties (5.1.4) lib/rails/rack/logger.rb:36:in `call_app'
railties (5.1.4) lib/rails/rack/logger.rb:24:in `block in call'
activesupport (5.1.4) lib/active_support/tagged_logging.rb:69:in `block in tagged'
activesupport (5.1.4) lib/active_support/tagged_logging.rb:26:in `tagged'
activesupport (5.1.4) lib/active_support/tagged_logging.rb:69:in `tagged'
railties (5.1.4) lib/rails/rack/logger.rb:24:in `call'
sprockets-rails (3.2.1) lib/sprockets/rails/quiet_assets.rb:13:in `call'
actionpack (5.1.4) lib/action_dispatch/middleware/remote_ip.rb:79:in `call'
actionpack (5.1.4) lib/action_dispatch/middleware/request_id.rb:25:in `call'
rack (2.0.3) lib/rack/method_override.rb:22:in `call'
rack (2.0.3) lib/rack/runtime.rb:22:in `call'
activesupport (5.1.4) lib/active_support/cache/strategy/local_cache_middleware.rb:27:in `call'
actionpack (5.1.4) lib/action_dispatch/middleware/executor.rb:12:in `call'
actionpack (5.1.4) lib/action_dispatch/middleware/static.rb:125:in `call'
rack (2.0.3) lib/rack/sendfile.rb:111:in `call'
railties (5.1.4) lib/rails/engine.rb:522:in `call'
puma (3.10.0) lib/puma/configuration.rb:225:in `call'
puma (3.10.0) lib/puma/server.rb:605:in `handle_request'
puma (3.10.0) lib/puma/server.rb:437:in `process_client'
puma (3.10.0) lib/puma/server.rb:301:in `block in run'
puma (3.10.0) lib/puma/thread_pool.rb:120:in `block in spawn_thread'
Started GET "/page/home" for 127.0.0.1 at 2017-10-13 10:48:40 +1000
  
SyntaxError (C:/code/s2/pairprogram/config/routes.rb:5: syntax error, unexpected tIDENTIFIER, expecting keyword_end
 '/home', to: '/pages#home' as: '/home'
                              ^):
  
config/routes.rb:5: syntax error, unexpected tIDENTIFIER, expecting keyword_end
Started GET "/pages/home" for 127.0.0.1 at 2017-10-13 10:48:56 +1000
  
ActionController::RoutingError (No route matches [GET] "/pages/home"):
  
actionpack (5.1.4) lib/action_dispatch/middleware/debug_exceptions.rb:63:in `call'
web-console (3.5.1) lib/web_console/middleware.rb:135:in `call_app'
web-console (3.5.1) lib/web_console/middleware.rb:28:in `block in call'
web-console (3.5.1) lib/web_console/middleware.rb:18:in `catch'
web-console (3.5.1) lib/web_console/middleware.rb:18:in `call'
actionpack (5.1.4) lib/action_dispatch/middleware/show_exceptions.rb:31:in `call'
railties (5.1.4) lib/rails/rack/logger.rb:36:in `call_app'
railties (5.1.4) lib/rails/rack/logger.rb:24:in `block in call'
activesupport (5.1.4) lib/active_support/tagged_logging.rb:69:in `block in tagged'
activesupport (5.1.4) lib/active_support/tagged_logging.rb:26:in `tagged'
activesupport (5.1.4) lib/active_support/tagged_logging.rb:69:in `tagged'
railties (5.1.4) lib/rails/rack/logger.rb:24:in `call'
sprockets-rails (3.2.1) lib/sprockets/rails/quiet_assets.rb:13:in `call'
actionpack (5.1.4) lib/action_dispatch/middleware/remote_ip.rb:79:in `call'
actionpack (5.1.4) lib/action_dispatch/middleware/request_id.rb:25:in `call'
rack (2.0.3) lib/rack/method_override.rb:22:in `call'
rack (2.0.3) lib/rack/runtime.rb:22:in `call'
activesupport (5.1.4) lib/active_support/cache/strategy/local_cache_middleware.rb:27:in `call'
actionpack (5.1.4) lib/action_dispatch/middleware/executor.rb:12:in `call'
actionpack (5.1.4) lib/action_dispatch/middleware/static.rb:125:in `call'
rack (2.0.3) lib/rack/sendfile.rb:111:in `call'
railties (5.1.4) lib/rails/engine.rb:522:in `call'
puma (3.10.0) lib/puma/configuration.rb:225:in `call'
puma (3.10.0) lib/puma/server.rb:605:in `handle_request'
puma (3.10.0) lib/puma/server.rb:437:in `process_client'
puma (3.10.0) lib/puma/server.rb:301:in `block in run'
puma (3.10.0) lib/puma/thread_pool.rb:120:in `block in spawn_thread'
Started GET "/home" for 127.0.0.1 at 2017-10-13 10:49:17 +1000
  
ActionController::RoutingError (No route matches [GET] "/home"):
  
actionpack (5.1.4) lib/action_dispatch/middleware/debug_exceptions.rb:63:in `call'
web-console (3.5.1) lib/web_console/middleware.rb:135:in `call_app'
web-console (3.5.1) lib/web_console/middleware.rb:28:in `block in call'
web-console (3.5.1) lib/web_console/middleware.rb:18:in `catch'
web-console (3.5.1) lib/web_console/middleware.rb:18:in `call'
actionpack (5.1.4) lib/action_dispatch/middleware/show_exceptions.rb:31:in `call'
railties (5.1.4) lib/rails/rack/logger.rb:36:in `call_app'
railties (5.1.4) lib/rails/rack/logger.rb:24:in `block in call'
activesupport (5.1.4) lib/active_support/tagged_logging.rb:69:in `block in tagged'
activesupport (5.1.4) lib/active_support/tagged_logging.rb:26:in `tagged'
activesupport (5.1.4) lib/active_support/tagged_logging.rb:69:in `tagged'
railties (5.1.4) lib/rails/rack/logger.rb:24:in `call'
sprockets-rails (3.2.1) lib/sprockets/rails/quiet_assets.rb:13:in `call'
actionpack (5.1.4) lib/action_dispatch/middleware/remote_ip.rb:79:in `call'
actionpack (5.1.4) lib/action_dispatch/middleware/request_id.rb:25:in `call'
rack (2.0.3) lib/rack/method_override.rb:22:in `call'
rack (2.0.3) lib/rack/runtime.rb:22:in `call'
activesupport (5.1.4) lib/active_support/cache/strategy/local_cache_middleware.rb:27:in `call'
actionpack (5.1.4) lib/action_dispatch/middleware/executor.rb:12:in `call'
actionpack (5.1.4) lib/action_dispatch/middleware/static.rb:125:in `call'
rack (2.0.3) lib/rack/sendfile.rb:111:in `call'
railties (5.1.4) lib/rails/engine.rb:522:in `call'
puma (3.10.0) lib/puma/configuration.rb:225:in `call'
puma (3.10.0) lib/puma/server.rb:605:in `handle_request'
puma (3.10.0) lib/puma/server.rb:437:in `process_client'
puma (3.10.0) lib/puma/server.rb:301:in `block in run'
puma (3.10.0) lib/puma/thread_pool.rb:120:in `block in spawn_thread'
Started GET "/" for 127.0.0.1 at 2017-10-13 10:49:27 +1000
  
ActionController::RoutingError (No route matches [GET] "/"):
  
actionpack (5.1.4) lib/action_dispatch/middleware/debug_exceptions.rb:63:in `call'
web-console (3.5.1) lib/web_console/middleware.rb:135:in `call_app'
web-console (3.5.1) lib/web_console/middleware.rb:28:in `block in call'
web-console (3.5.1) lib/web_console/middleware.rb:18:in `catch'
web-console (3.5.1) lib/web_console/middleware.rb:18:in `call'
actionpack (5.1.4) lib/action_dispatch/middleware/show_exceptions.rb:31:in `call'
railties (5.1.4) lib/rails/rack/logger.rb:36:in `call_app'
railties (5.1.4) lib/rails/rack/logger.rb:24:in `block in call'
activesupport (5.1.4) lib/active_support/tagged_logging.rb:69:in `block in tagged'
activesupport (5.1.4) lib/active_support/tagged_logging.rb:26:in `tagged'
activesupport (5.1.4) lib/active_support/tagged_logging.rb:69:in `tagged'
railties (5.1.4) lib/rails/rack/logger.rb:24:in `call'
sprockets-rails (3.2.1) lib/sprockets/rails/quiet_assets.rb:13:in `call'
actionpack (5.1.4) lib/action_dispatch/middleware/remote_ip.rb:79:in `call'
actionpack (5.1.4) lib/action_dispatch/middleware/request_id.rb:25:in `call'
rack (2.0.3) lib/rack/method_override.rb:22:in `call'
rack (2.0.3) lib/rack/runtime.rb:22:in `call'
activesupport (5.1.4) lib/active_support/cache/strategy/local_cache_middleware.rb:27:in `call'
actionpack (5.1.4) lib/action_dispatch/middleware/executor.rb:12:in `call'
actionpack (5.1.4) lib/action_dispatch/middleware/static.rb:125:in `call'
rack (2.0.3) lib/rack/sendfile.rb:111:in `call'
railties (5.1.4) lib/rails/engine.rb:522:in `call'
puma (3.10.0) lib/puma/configuration.rb:225:in `call'
puma (3.10.0) lib/puma/server.rb:605:in `handle_request'
puma (3.10.0) lib/puma/server.rb:437:in `process_client'
puma (3.10.0) lib/puma/server.rb:301:in `block in run'
puma (3.10.0) lib/puma/thread_pool.rb:120:in `block in spawn_thread'
Started GET "/" for 127.0.0.1 at 2017-10-13 10:56:25 +1000
Processing by PagesController#home as HTML
  Rendering pages/home.html.erb within layouts/application
  Rendered pages/home.html.erb within layouts/application (0.0ms)
Completed 200 OK in 809ms (Views: 407.9ms)


Started GET "/about" for 127.0.0.1 at 2017-10-13 10:56:59 +1000
Processing by PagesController#about as HTML
  Rendering pages/about.html.erb within layouts/application
  Rendered pages/about.html.erb within layouts/application (1.0ms)
Completed 200 OK in 149ms (Views: 129.9ms)


Started GET "/contact" for 127.0.0.1 at 2017-10-13 10:57:05 +1000
Processing by PagesController#contact as HTML
  Rendering pages/contact.html.erb within layouts/application
  Rendered pages/contact.html.erb within layouts/application (0.0ms)
Completed 200 OK in 140ms (Views: 123.4ms)


Started GET "/" for 127.0.0.1 at 2017-10-13 11:03:20 +1000
Processing by PagesController#home as HTML
  Rendering pages/home.html.erb within layouts/application
  Rendered pages/home.html.erb within layouts/application (1.2ms)
Completed 200 OK in 458ms (Views: 285.0ms)


Started GET "/" for 127.0.0.1 at 2017-10-13 11:06:27 +1000
Processing by PagesController#home as HTML
  Rendering pages/home.html.erb within layouts/application
  Rendered pages/home.html.erb within layouts/application (1.1ms)
Completed 200 OK in 73ms (Views: 69.7ms)


Started GET "/" for 127.0.0.1 at 2017-10-13 11:08:41 +1000
Processing by PagesController#home as HTML
  Rendering pages/home.html.erb within layouts/application
  Rendered pages/home.html.erb within layouts/application (1.8ms)
Completed 500 Internal Server Error in 48ms


  
ActionView::Template::Error (Missing partial pages/_shared, application/_shared with {:locale=>[:en], :formats=>[:html], :variants=>[], :handlers=>[:raw, :erb, :html, :builder, :ruby, :coffee, :jbuilder]}. Searched in:
  * "/Users/DeadFred/Documents/codestuff/Challenge_Folder/PairProgram/app/views"
):
    10:   </head>
    11: 
    12:   <body>
    13:     <%= render 'shared' %>
    14:     <%= yield %>
    15:     <script src="https://code.jquery.com/jquery-3.2.1.slim.min.js" integrity="sha384-KJ3o2DKtIkvYIK3UENzmM7KCkRr/rE9/Qpg6aAZGJwFDMVNA/GpGFF93hXpG5KkN" crossorigin="anonymous"></script>
    16:     <script src="https://cdnjs.cloudflare.com/ajax/libs/popper.js/1.11.0/umd/popper.min.js" integrity="sha384-b/U6ypiBEHpOf/4+1nzFpr53nxSS+GLCkfwBdFNTxtclqqenISfwAzpKaMNFNmj4" crossorigin="anonymous"></script>
  
app/views/layouts/application.html.erb:13:in `_app_views_layouts_application_html_erb__3546654123878333870_70195890522460'
Started GET "/" for 127.0.0.1 at 2017-10-13 11:09:09 +1000
Processing by PagesController#home as HTML
  Rendering pages/home.html.erb within layouts/application
  Rendered pages/home.html.erb within layouts/application (0.4ms)
Completed 500 Internal Server Error in 224ms


  
ActionView::Template::Error (undefined local variable or method `shared' for #<#<Class:0x007faf803a9828>:0x007faf81aaa8d8>):
    10:   </head>
    11: 
    12:   <body>
    13:     <%= render shared %>
    14:     <%= yield %>
    15:     <script src="https://code.jquery.com/jquery-3.2.1.slim.min.js" integrity="sha384-KJ3o2DKtIkvYIK3UENzmM7KCkRr/rE9/Qpg6aAZGJwFDMVNA/GpGFF93hXpG5KkN" crossorigin="anonymous"></script>
    16:     <script src="https://cdnjs.cloudflare.com/ajax/libs/popper.js/1.11.0/umd/popper.min.js" integrity="sha384-b/U6ypiBEHpOf/4+1nzFpr53nxSS+GLCkfwBdFNTxtclqqenISfwAzpKaMNFNmj4" crossorigin="anonymous"></script>
  
app/views/layouts/application.html.erb:13:in `_app_views_layouts_application_html_erb__3546654123878333870_70195859650380'
Started GET "/" for 127.0.0.1 at 2017-10-13 11:09:29 +1000
Processing by PagesController#home as HTML
  Rendering pages/home.html.erb within layouts/application
  Rendered pages/home.html.erb within layouts/application (0.3ms)
Completed 500 Internal Server Error in 25ms


  
ActionView::Template::Error (Missing partial pages/_shared, application/_shared with {:locale=>[:en], :formats=>[:html], :variants=>[], :handlers=>[:raw, :erb, :html, :builder, :ruby, :coffee, :jbuilder]}. Searched in:
  * "/Users/DeadFred/Documents/codestuff/Challenge_Folder/PairProgram/app/views"
):
    10:   </head>
    11: 
    12:   <body>
    13:     <% render 'shared' %>
    14:     <%= yield %>
    15:     <script src="https://code.jquery.com/jquery-3.2.1.slim.min.js" integrity="sha384-KJ3o2DKtIkvYIK3UENzmM7KCkRr/rE9/Qpg6aAZGJwFDMVNA/GpGFF93hXpG5KkN" crossorigin="anonymous"></script>
    16:     <script src="https://cdnjs.cloudflare.com/ajax/libs/popper.js/1.11.0/umd/popper.min.js" integrity="sha384-b/U6ypiBEHpOf/4+1nzFpr53nxSS+GLCkfwBdFNTxtclqqenISfwAzpKaMNFNmj4" crossorigin="anonymous"></script>
  
app/views/layouts/application.html.erb:13:in `_app_views_layouts_application_html_erb__3546654123878333870_70195885069880'
Started GET "/" for 127.0.0.1 at 2017-10-13 11:10:53 +1000
Processing by PagesController#home as HTML
  Rendering pages/home.html.erb within layouts/application
  Rendered pages/home.html.erb within layouts/application (0.4ms)
Completed 500 Internal Server Error in 30ms


  
ActionView::Template::Error (Missing partial pages/_menu, application/_menu with {:locale=>[:en], :formats=>[:html], :variants=>[], :handlers=>[:raw, :erb, :html, :builder, :ruby, :coffee, :jbuilder]}. Searched in:
  * "/Users/DeadFred/Documents/codestuff/Challenge_Folder/PairProgram/app/views"
):
    10:   </head>
    11: 
    12:   <body>
    13:     <% render 'menu' %>
    14:     <%= yield %>
    15:     <script src="https://code.jquery.com/jquery-3.2.1.slim.min.js" integrity="sha384-KJ3o2DKtIkvYIK3UENzmM7KCkRr/rE9/Qpg6aAZGJwFDMVNA/GpGFF93hXpG5KkN" crossorigin="anonymous"></script>
    16:     <script src="https://cdnjs.cloudflare.com/ajax/libs/popper.js/1.11.0/umd/popper.min.js" integrity="sha384-b/U6ypiBEHpOf/4+1nzFpr53nxSS+GLCkfwBdFNTxtclqqenISfwAzpKaMNFNmj4" crossorigin="anonymous"></script>
  
app/views/layouts/application.html.erb:13:in `_app_views_layouts_application_html_erb__3546654123878333870_70195875837280'
Started GET "/" for 127.0.0.1 at 2017-10-13 11:12:33 +1000
Processing by PagesController#home as HTML
  Rendering pages/home.html.erb within layouts/application
  Rendered pages/home.html.erb within layouts/application (0.3ms)
Completed 500 Internal Server Error in 30ms


  
ActionView::Template::Error (Missing partial pages/_menu, application/_menu with {:locale=>[:en], :formats=>[:html], :variants=>[], :handlers=>[:raw, :erb, :html, :builder, :ruby, :coffee, :jbuilder]}. Searched in:
  * "/Users/DeadFred/Documents/codestuff/Challenge_Folder/PairProgram/app/views"
):
    10:   </head>
    11: 
    12:   <body>
    13:     <% render 'menu' %>
    14:     <%= yield %>
    15:     <script src="https://code.jquery.com/jquery-3.2.1.slim.min.js" integrity="sha384-KJ3o2DKtIkvYIK3UENzmM7KCkRr/rE9/Qpg6aAZGJwFDMVNA/GpGFF93hXpG5KkN" crossorigin="anonymous"></script>
    16:     <script src="https://cdnjs.cloudflare.com/ajax/libs/popper.js/1.11.0/umd/popper.min.js" integrity="sha384-b/U6ypiBEHpOf/4+1nzFpr53nxSS+GLCkfwBdFNTxtclqqenISfwAzpKaMNFNmj4" crossorigin="anonymous"></script>
  
app/views/layouts/application.html.erb:13:in `_app_views_layouts_application_html_erb__3546654123878333870_70195890818660'
Started GET "/" for 127.0.0.1 at 2017-10-13 11:13:09 +1000
Processing by PagesController#home as HTML
  Rendering pages/home.html.erb within layouts/application
  Rendered pages/home.html.erb within layouts/application (0.4ms)
  Rendered shared/_menu.html.erb (0.3ms)
Completed 200 OK in 28ms (Views: 24.7ms)


Started GET "/about" for 127.0.0.1 at 2017-10-13 11:13:16 +1000
Processing by PagesController#about as HTML
  Rendering pages/about.html.erb within layouts/application
  Rendered pages/about.html.erb within layouts/application (0.7ms)
  Rendered shared/_menu.html.erb (0.6ms)
Completed 200 OK in 41ms (Views: 36.2ms)


Started GET "/about" for 127.0.0.1 at 2017-10-13 11:13:39 +1000
Processing by PagesController#about as HTML
  Rendering pages/about.html.erb within layouts/application
  Rendered pages/about.html.erb within layouts/application (0.9ms)
  Rendered shared/_menu.html.erb (0.4ms)
Completed 200 OK in 33ms (Views: 28.4ms)


Started GET "/about" for 127.0.0.1 at 2017-10-13 11:13:50 +1000
Processing by PagesController#about as HTML
  Rendering pages/about.html.erb within layouts/application
  Rendered pages/about.html.erb within layouts/application (0.3ms)
  Rendered shared/_menu.html.erb (0.6ms)
Completed 200 OK in 27ms (Views: 23.5ms)


Started GET "/about" for 127.0.0.1 at 2017-10-13 11:14:50 +1000
Processing by PagesController#about as HTML
  Rendering pages/about.html.erb within layouts/application
  Rendered pages/about.html.erb within layouts/application (0.5ms)
  Rendered shared/_menu.html.erb (0.3ms)
Completed 200 OK in 44ms (Views: 39.2ms)


Started GET "/about" for 127.0.0.1 at 2017-10-13 11:14:51 +1000
Processing by PagesController#about as HTML
  Rendering pages/about.html.erb within layouts/application
  Rendered pages/about.html.erb within layouts/application (0.5ms)
  Rendered shared/_menu.html.erb (0.4ms)
Completed 200 OK in 33ms (Views: 28.0ms)


Started GET "/about" for 127.0.0.1 at 2017-10-13 11:14:52 +1000
Processing by PagesController#about as HTML
  Rendering pages/about.html.erb within layouts/application
  Rendered pages/about.html.erb within layouts/application (0.5ms)
  Rendered shared/_menu.html.erb (0.4ms)
Completed 200 OK in 34ms (Views: 30.5ms)


Started GET "/about" for 127.0.0.1 at 2017-10-13 11:14:52 +1000
Processing by PagesController#about as HTML
  Rendering pages/about.html.erb within layouts/application
  Rendered pages/about.html.erb within layouts/application (0.5ms)
  Rendered shared/_menu.html.erb (0.9ms)
Completed 200 OK in 32ms (Views: 29.0ms)


Started GET "/about" for 127.0.0.1 at 2017-10-13 11:14:55 +1000
Processing by PagesController#about as HTML
  Rendering pages/about.html.erb within layouts/application
  Rendered pages/about.html.erb within layouts/application (0.3ms)
  Rendered shared/_menu.html.erb (0.3ms)
Completed 200 OK in 20ms (Views: 17.5ms)


Started GET "/about" for 127.0.0.1 at 2017-10-13 11:19:57 +1000
Processing by PagesController#about as HTML
  Rendering pages/about.html.erb within layouts/application
  Rendered pages/about.html.erb within layouts/application (0.4ms)
  Rendered shared/_menu.html.erb (0.6ms)
Completed 200 OK in 29ms (Views: 25.8ms)


Started GET "/" for 127.0.0.1 at 2017-10-13 11:20:05 +1000
Processing by PagesController#home as HTML
  Rendering pages/home.html.erb within layouts/application
  Rendered pages/home.html.erb within layouts/application (0.3ms)
  Rendered shared/_menu.html.erb (0.5ms)
Completed 200 OK in 22ms (Views: 18.0ms)


Started GET "/about" for 127.0.0.1 at 2017-10-13 11:20:11 +1000
Processing by PagesController#about as HTML
  Rendering pages/about.html.erb within layouts/application
  Rendered pages/about.html.erb within layouts/application (0.4ms)
  Rendered shared/_menu.html.erb (0.5ms)
Completed 200 OK in 25ms (Views: 23.1ms)


Started GET "/contact" for 127.0.0.1 at 2017-10-13 11:20:13 +1000
Processing by PagesController#contact as HTML
  Rendering pages/contact.html.erb within layouts/application
  Rendered pages/contact.html.erb within layouts/application (0.5ms)
  Rendered shared/_menu.html.erb (0.5ms)
Completed 200 OK in 35ms (Views: 24.9ms)


Started GET "/contact" for 127.0.0.1 at 2017-10-13 11:20:49 +1000
Processing by PagesController#contact as HTML
  Rendering pages/contact.html.erb within layouts/application
  Rendered pages/contact.html.erb within layouts/application (0.4ms)
  Rendered shared/_menu.html.erb (0.5ms)
Completed 200 OK in 26ms (Views: 23.4ms)


Started GET "/contact" for 127.0.0.1 at 2017-10-13 11:22:23 +1000
Processing by PagesController#contact as HTML
  Rendering pages/contact.html.erb within layouts/application
  Rendered pages/contact.html.erb within layouts/application (0.5ms)
  Rendered shared/_menu.html.erb (0.6ms)
Completed 200 OK in 26ms (Views: 23.2ms)


Started GET "/" for 127.0.0.1 at 2017-10-13 11:22:26 +1000
Processing by PagesController#home as HTML
  Rendering pages/home.html.erb within layouts/application
  Rendered pages/home.html.erb within layouts/application (0.5ms)
  Rendered shared/_menu.html.erb (0.6ms)
Completed 200 OK in 29ms (Views: 19.3ms)


Started GET "/" for 127.0.0.1 at 2017-10-13 11:22:54 +1000
Processing by PagesController#home as HTML
  Rendering pages/home.html.erb within layouts/application
  Rendered pages/home.html.erb within layouts/application (0.4ms)
  Rendered shared/_menu.html.erb (0.7ms)
Completed 200 OK in 29ms (Views: 26.2ms)


Started GET "/contact" for 127.0.0.1 at 2017-10-13 11:29:05 +1000
Processing by PagesController#contact as HTML
  Rendering pages/contact.html.erb within layouts/application
  Rendered pages/contact.html.erb within layouts/application (0.0ms)
  Rendered shared/_menu.html.erb (4.0ms)
Completed 200 OK in 828ms (Views: 429.4ms)


Started GET "/" for 127.0.0.1 at 2017-10-13 11:29:28 +1000
Processing by PagesController#home as HTML
  Rendering pages/home.html.erb within layouts/application
  Rendered pages/home.html.erb within layouts/application (0.0ms)
  Rendered shared/_menu.html.erb (4.0ms)
Completed 200 OK in 160ms (Views: 141.9ms)


Started GET "/about" for 127.0.0.1 at 2017-10-13 11:29:36 +1000
Processing by PagesController#about as HTML
  Rendering pages/about.html.erb within layouts/application
  Rendered pages/about.html.erb within layouts/application (0.0ms)
  Rendered shared/_menu.html.erb (0.0ms)
Completed 200 OK in 162ms (Views: 153.3ms)


Started GET "/contact" for 127.0.0.1 at 2017-10-13 11:29:37 +1000
Processing by PagesController#contact as HTML
  Rendering pages/contact.html.erb within layouts/application
  Rendered pages/contact.html.erb within layouts/application (0.0ms)
  Rendered shared/_menu.html.erb (0.0ms)
Completed 200 OK in 138ms (Views: 132.4ms)


Started GET "/about" for 127.0.0.1 at 2017-10-13 11:29:39 +1000
Processing by PagesController#about as HTML
  Rendering pages/about.html.erb within layouts/application
  Rendered pages/about.html.erb within layouts/application (0.0ms)
  Rendered shared/_menu.html.erb (15.7ms)
Completed 200 OK in 158ms (Views: 135.3ms)


Started GET "/about" for 127.0.0.1 at 2017-10-13 11:32:18 +1000
Processing by PagesController#about as HTML
  Rendering pages/about.html.erb within layouts/application
  Rendered pages/about.html.erb within layouts/application (0.0ms)
  Rendered shared/_menu.html.erb (0.0ms)
Completed 200 OK in 152ms (Views: 136.8ms)


Started GET "/contact" for 127.0.0.1 at 2017-10-13 11:32:20 +1000
Processing by PagesController#contact as HTML
  Rendering pages/contact.html.erb within layouts/application
  Rendered pages/contact.html.erb within layouts/application (0.0ms)
  Rendered shared/_menu.html.erb (0.0ms)
Completed 200 OK in 126ms (Views: 123.5ms)


Started GET "/contact" for 127.0.0.1 at 2017-10-13 11:33:45 +1000
Processing by PagesController#contact as HTML
  Rendering pages/contact.html.erb within layouts/application
  Rendered pages/contact.html.erb within layouts/application (1.0ms)
  Rendered shared/_menu.html.erb (1.0ms)
Completed 200 OK in 177ms (Views: 152.4ms)


Started GET "/" for 127.0.0.1 at 2017-10-13 11:38:36 +1000
Processing by PagesController#home as HTML
  Rendering pages/home.html.erb within layouts/application
  Rendered pages/home.html.erb within layouts/application (1.1ms)
  Rendered shared/_menu.html.erb (0.9ms)
Completed 200 OK in 391ms (Views: 221.3ms)


Started GET "/contact" for 127.0.0.1 at 2017-10-13 11:38:38 +1000
Processing by PagesController#contact as HTML
  Rendering pages/contact.html.erb within layouts/application
  Rendered pages/contact.html.erb within layouts/application (0.6ms)
  Rendered shared/_menu.html.erb (0.5ms)
Completed 200 OK in 24ms (Views: 21.7ms)


Started GET "/" for 127.0.0.1 at 2017-10-13 11:40:45 +1000
  
ActiveRecord::PendingMigrationError (

Migrations are pending. To resolve this issue, run:

        bin/rails db:migrate RAILS_ENV=development

):
  
activerecord (5.1.4) lib/active_record/migration.rb:576:in `check_pending!'
activerecord (5.1.4) lib/active_record/migration.rb:553:in `call'
actionpack (5.1.4) lib/action_dispatch/middleware/callbacks.rb:26:in `block in call'
activesupport (5.1.4) lib/active_support/callbacks.rb:97:in `run_callbacks'
actionpack (5.1.4) lib/action_dispatch/middleware/callbacks.rb:24:in `call'
actionpack (5.1.4) lib/action_dispatch/middleware/executor.rb:12:in `call'
actionpack (5.1.4) lib/action_dispatch/middleware/debug_exceptions.rb:59:in `call'
web-console (3.5.1) lib/web_console/middleware.rb:135:in `call_app'
web-console (3.5.1) lib/web_console/middleware.rb:28:in `block in call'
web-console (3.5.1) lib/web_console/middleware.rb:18:in `catch'
web-console (3.5.1) lib/web_console/middleware.rb:18:in `call'
actionpack (5.1.4) lib/action_dispatch/middleware/show_exceptions.rb:31:in `call'
railties (5.1.4) lib/rails/rack/logger.rb:36:in `call_app'
railties (5.1.4) lib/rails/rack/logger.rb:24:in `block in call'
activesupport (5.1.4) lib/active_support/tagged_logging.rb:69:in `block in tagged'
activesupport (5.1.4) lib/active_support/tagged_logging.rb:26:in `tagged'
activesupport (5.1.4) lib/active_support/tagged_logging.rb:69:in `tagged'
railties (5.1.4) lib/rails/rack/logger.rb:24:in `call'
sprockets-rails (3.2.1) lib/sprockets/rails/quiet_assets.rb:13:in `call'
actionpack (5.1.4) lib/action_dispatch/middleware/remote_ip.rb:79:in `call'
actionpack (5.1.4) lib/action_dispatch/middleware/request_id.rb:25:in `call'
rack (2.0.3) lib/rack/method_override.rb:22:in `call'
rack (2.0.3) lib/rack/runtime.rb:22:in `call'
activesupport (5.1.4) lib/active_support/cache/strategy/local_cache_middleware.rb:27:in `call'
actionpack (5.1.4) lib/action_dispatch/middleware/executor.rb:12:in `call'
actionpack (5.1.4) lib/action_dispatch/middleware/static.rb:125:in `call'
rack (2.0.3) lib/rack/sendfile.rb:111:in `call'
railties (5.1.4) lib/rails/engine.rb:522:in `call'
puma (3.10.0) lib/puma/configuration.rb:225:in `call'
puma (3.10.0) lib/puma/server.rb:605:in `handle_request'
puma (3.10.0) lib/puma/server.rb:437:in `process_client'
puma (3.10.0) lib/puma/server.rb:301:in `block in run'
puma (3.10.0) lib/puma/thread_pool.rb:120:in `block in spawn_thread'
  [1m[35m (0.1ms)[0m  [1m[34mSELECT sqlite_version(*)[0m
  [1m[35m (1.0ms)[0m  [1m[35mCREATE TABLE "schema_migrations" ("version" varchar NOT NULL PRIMARY KEY)[0m
  [1m[35m (1.0ms)[0m  [1m[35mCREATE TABLE "ar_internal_metadata" ("key" varchar NOT NULL PRIMARY KEY, "value" varchar, "created_at" datetime NOT NULL, "updated_at" datetime NOT NULL)[0m
  [1m[35m (0.2ms)[0m  [1m[34mSELECT "schema_migrations"."version" FROM "schema_migrations" ORDER BY "schema_migrations"."version" ASC[0m
Migrating to CreatePosts (20171013014029)
  [1m[35m (0.1ms)[0m  [1m[36mbegin transaction[0m
  [1m[35m (0.7ms)[0m  [1m[35mCREATE TABLE "posts" ("id" INTEGER PRIMARY KEY AUTOINCREMENT NOT NULL, "title" varchar, "content" text, "created_at" datetime NOT NULL, "updated_at" datetime NOT NULL)[0m
  [1m[35mSQL (0.2ms)[0m  [1m[32mINSERT INTO "schema_migrations" ("version") VALUES (?)[0m  [["version", "20171013014029"]]
  [1m[35m (2.3ms)[0m  [1m[36mcommit transaction[0m
  [1m[36mActiveRecord::InternalMetadata Load (0.3ms)[0m  [1m[34mSELECT  "ar_internal_metadata".* FROM "ar_internal_metadata" WHERE "ar_internal_metadata"."key" = ? LIMIT ?[0m  [["key", "environment"], ["LIMIT", 1]]
  [1m[35m (0.1ms)[0m  [1m[36mbegin transaction[0m
  [1m[35mSQL (0.4ms)[0m  [1m[32mINSERT INTO "ar_internal_metadata" ("key", "value", "created_at", "updated_at") VALUES (?, ?, ?, ?)[0m  [["key", "environment"], ["value", "development"], ["created_at", "2017-10-13 01:41:00.358485"], ["updated_at", "2017-10-13 01:41:00.358485"]]
  [1m[35m (0.8ms)[0m  [1m[36mcommit transaction[0m
  [1m[35m (0.2ms)[0m  [1m[34mSELECT "schema_migrations"."version" FROM "schema_migrations" ORDER BY "schema_migrations"."version" ASC[0m
Started GET "/" for 127.0.0.1 at 2017-10-13 11:41:15 +1000
  [1m[35m (0.2ms)[0m  [1m[34mSELECT "schema_migrations"."version" FROM "schema_migrations" ORDER BY "schema_migrations"."version" ASC[0m
Processing by PagesController#home as HTML
  Rendering pages/home.html.erb within layouts/application
  Rendered pages/home.html.erb within layouts/application (1.2ms)
  Rendered shared/_menu.html.erb (1.0ms)
Completed 200 OK in 293ms (Views: 282.3ms | ActiveRecord: 0.0ms)


Started GET "/about" for 127.0.0.1 at 2017-10-13 11:41:18 +1000
Processing by PagesController#about as HTML
  Rendering pages/about.html.erb within layouts/application
  Rendered pages/about.html.erb within layouts/application (0.9ms)
  Rendered shared/_menu.html.erb (0.9ms)
Completed 200 OK in 36ms (Views: 24.8ms | ActiveRecord: 0.0ms)


Started GET "/contact" for 127.0.0.1 at 2017-10-13 11:41:19 +1000
Processing by PagesController#contact as HTML
  Rendering pages/contact.html.erb within layouts/application
  Rendered pages/contact.html.erb within layouts/application (0.6ms)
  Rendered shared/_menu.html.erb (0.5ms)
Completed 200 OK in 32ms (Views: 29.0ms | ActiveRecord: 0.0ms)


Started GET "/" for 127.0.0.1 at 2017-10-13 11:41:20 +1000
Processing by PagesController#home as HTML
  Rendering pages/home.html.erb within layouts/application
  Rendered pages/home.html.erb within layouts/application (0.5ms)
  Rendered shared/_menu.html.erb (0.7ms)
Completed 200 OK in 40ms (Views: 36.2ms | ActiveRecord: 0.0ms)


Started GET "/about" for 127.0.0.1 at 2017-10-13 11:41:24 +1000
Processing by PagesController#about as HTML
  Rendering pages/about.html.erb within layouts/application
  Rendered pages/about.html.erb within layouts/application (0.6ms)
  Rendered shared/_menu.html.erb (0.5ms)
Completed 200 OK in 37ms (Views: 34.1ms | ActiveRecord: 0.0ms)


Started GET "/contact" for 127.0.0.1 at 2017-10-13 11:41:25 +1000
Processing by PagesController#contact as HTML
  Rendering pages/contact.html.erb within layouts/application
  Rendered pages/contact.html.erb within layouts/application (0.6ms)
  Rendered shared/_menu.html.erb (0.7ms)
Completed 200 OK in 41ms (Views: 37.9ms | ActiveRecord: 0.0ms)


Started GET "/posts" for 127.0.0.1 at 2017-10-13 11:41:40 +1000
Processing by PostsController#index as HTML
  Rendering posts/index.html.erb within layouts/application
  [1m[36mPost Load (0.2ms)[0m  [1m[34mSELECT "posts".* FROM "posts"[0m
  Rendered posts/index.html.erb within layouts/application (2.4ms)
  Rendered shared/_menu.html.erb (0.6ms)
Completed 200 OK in 27ms (Views: 20.8ms | ActiveRecord: 0.4ms)


Started GET "/" for 127.0.0.1 at 2017-10-13 11:44:03 +1000
  [1m[35m (0.2ms)[0m  [1m[34mSELECT "schema_migrations"."version" FROM "schema_migrations" ORDER BY "schema_migrations"."version" ASC[0m
Processing by PagesController#home as HTML
  Rendering pages/home.html.erb within layouts/application
  Rendered pages/home.html.erb within layouts/application (1.2ms)
  Rendered shared/_menu.html.erb (1.0ms)
Completed 200 OK in 238ms (Views: 227.0ms | ActiveRecord: 0.0ms)


Started GET "/posts" for 127.0.0.1 at 2017-10-13 11:44:17 +1000
Processing by PostsController#index as HTML
  Rendering posts/index.html.erb within layouts/application
  [1m[36mPost Load (0.1ms)[0m  [1m[34mSELECT "posts".* FROM "posts"[0m
  Rendered posts/index.html.erb within layouts/application (3.5ms)
  Rendered shared/_menu.html.erb (0.6ms)
Completed 200 OK in 45ms (Views: 24.0ms | ActiveRecord: 0.7ms)


Started GET "/posts" for 127.0.0.1 at 2017-10-13 11:45:03 +1000
Processing by PostsController#index as HTML
  Rendering posts/index.html.erb within layouts/application
  [1m[36mPost Load (0.5ms)[0m  [1m[34mSELECT "posts".* FROM "posts"[0m
  Rendered posts/index.html.erb within layouts/application (6.5ms)
  Rendered shared/_menu.html.erb (1.5ms)
Completed 200 OK in 67ms (Views: 57.7ms | ActiveRecord: 0.5ms)


Started GET "/" for 127.0.0.1 at 2017-10-13 11:45:07 +1000
Processing by PagesController#home as HTML
  Rendering pages/home.html.erb within layouts/application
  Rendered pages/home.html.erb within layouts/application (1.1ms)
  Rendered shared/_menu.html.erb (1.0ms)
Completed 200 OK in 42ms (Views: 30.8ms | ActiveRecord: 0.0ms)


Started GET "/posts" for 127.0.0.1 at 2017-10-13 11:45:08 +1000
Processing by PostsController#index as HTML
  Rendering posts/index.html.erb within layouts/application
  [1m[36mPost Load (0.3ms)[0m  [1m[34mSELECT "posts".* FROM "posts"[0m
  Rendered posts/index.html.erb within layouts/application (2.3ms)
  Rendered shared/_menu.html.erb (0.7ms)
Completed 200 OK in 40ms (Views: 35.7ms | ActiveRecord: 0.3ms)


Started GET "/contact" for 127.0.0.1 at 2017-10-13 11:47:13 +1000
  
ActiveRecord::PendingMigrationError (

Migrations are pending. To resolve this issue, run:

        bin/rails db:migrate RAILS_ENV=development

):
  
activerecord (5.1.4) lib/active_record/migration.rb:576:in `check_pending!'
activerecord (5.1.4) lib/active_record/migration.rb:553:in `call'
actionpack (5.1.4) lib/action_dispatch/middleware/callbacks.rb:26:in `block in call'
activesupport (5.1.4) lib/active_support/callbacks.rb:97:in `run_callbacks'
actionpack (5.1.4) lib/action_dispatch/middleware/callbacks.rb:24:in `call'
actionpack (5.1.4) lib/action_dispatch/middleware/executor.rb:12:in `call'
actionpack (5.1.4) lib/action_dispatch/middleware/debug_exceptions.rb:59:in `call'
web-console (3.5.1) lib/web_console/middleware.rb:135:in `call_app'
web-console (3.5.1) lib/web_console/middleware.rb:28:in `block in call'
web-console (3.5.1) lib/web_console/middleware.rb:18:in `catch'
web-console (3.5.1) lib/web_console/middleware.rb:18:in `call'
actionpack (5.1.4) lib/action_dispatch/middleware/show_exceptions.rb:31:in `call'
railties (5.1.4) lib/rails/rack/logger.rb:36:in `call_app'
railties (5.1.4) lib/rails/rack/logger.rb:24:in `block in call'
activesupport (5.1.4) lib/active_support/tagged_logging.rb:69:in `block in tagged'
activesupport (5.1.4) lib/active_support/tagged_logging.rb:26:in `tagged'
activesupport (5.1.4) lib/active_support/tagged_logging.rb:69:in `tagged'
railties (5.1.4) lib/rails/rack/logger.rb:24:in `call'
sprockets-rails (3.2.1) lib/sprockets/rails/quiet_assets.rb:13:in `call'
actionpack (5.1.4) lib/action_dispatch/middleware/remote_ip.rb:79:in `call'
actionpack (5.1.4) lib/action_dispatch/middleware/request_id.rb:25:in `call'
rack (2.0.3) lib/rack/method_override.rb:22:in `call'
rack (2.0.3) lib/rack/runtime.rb:22:in `call'
activesupport (5.1.4) lib/active_support/cache/strategy/local_cache_middleware.rb:27:in `call'
actionpack (5.1.4) lib/action_dispatch/middleware/executor.rb:12:in `call'
actionpack (5.1.4) lib/action_dispatch/middleware/static.rb:125:in `call'
rack (2.0.3) lib/rack/sendfile.rb:111:in `call'
railties (5.1.4) lib/rails/engine.rb:522:in `call'
puma (3.10.0) lib/puma/configuration.rb:225:in `call'
puma (3.10.0) lib/puma/server.rb:605:in `handle_request'
puma (3.10.0) lib/puma/server.rb:437:in `process_client'
puma (3.10.0) lib/puma/server.rb:301:in `block in run'
puma (3.10.0) lib/puma/thread_pool.rb:120:in `block in spawn_thread'
Started GET "/" for 127.0.0.1 at 2017-10-13 11:47:18 +1000
  
ActiveRecord::PendingMigrationError (

Migrations are pending. To resolve this issue, run:

        bin/rails db:migrate RAILS_ENV=development

):
  
activerecord (5.1.4) lib/active_record/migration.rb:576:in `check_pending!'
activerecord (5.1.4) lib/active_record/migration.rb:553:in `call'
actionpack (5.1.4) lib/action_dispatch/middleware/callbacks.rb:26:in `block in call'
activesupport (5.1.4) lib/active_support/callbacks.rb:97:in `run_callbacks'
actionpack (5.1.4) lib/action_dispatch/middleware/callbacks.rb:24:in `call'
actionpack (5.1.4) lib/action_dispatch/middleware/executor.rb:12:in `call'
actionpack (5.1.4) lib/action_dispatch/middleware/debug_exceptions.rb:59:in `call'
web-console (3.5.1) lib/web_console/middleware.rb:135:in `call_app'
web-console (3.5.1) lib/web_console/middleware.rb:28:in `block in call'
web-console (3.5.1) lib/web_console/middleware.rb:18:in `catch'
web-console (3.5.1) lib/web_console/middleware.rb:18:in `call'
actionpack (5.1.4) lib/action_dispatch/middleware/show_exceptions.rb:31:in `call'
railties (5.1.4) lib/rails/rack/logger.rb:36:in `call_app'
railties (5.1.4) lib/rails/rack/logger.rb:24:in `block in call'
activesupport (5.1.4) lib/active_support/tagged_logging.rb:69:in `block in tagged'
activesupport (5.1.4) lib/active_support/tagged_logging.rb:26:in `tagged'
activesupport (5.1.4) lib/active_support/tagged_logging.rb:69:in `tagged'
railties (5.1.4) lib/rails/rack/logger.rb:24:in `call'
sprockets-rails (3.2.1) lib/sprockets/rails/quiet_assets.rb:13:in `call'
actionpack (5.1.4) lib/action_dispatch/middleware/remote_ip.rb:79:in `call'
actionpack (5.1.4) lib/action_dispatch/middleware/request_id.rb:25:in `call'
rack (2.0.3) lib/rack/method_override.rb:22:in `call'
rack (2.0.3) lib/rack/runtime.rb:22:in `call'
activesupport (5.1.4) lib/active_support/cache/strategy/local_cache_middleware.rb:27:in `call'
actionpack (5.1.4) lib/action_dispatch/middleware/executor.rb:12:in `call'
actionpack (5.1.4) lib/action_dispatch/middleware/static.rb:125:in `call'
rack (2.0.3) lib/rack/sendfile.rb:111:in `call'
railties (5.1.4) lib/rails/engine.rb:522:in `call'
puma (3.10.0) lib/puma/configuration.rb:225:in `call'
puma (3.10.0) lib/puma/server.rb:605:in `handle_request'
puma (3.10.0) lib/puma/server.rb:437:in `process_client'
puma (3.10.0) lib/puma/server.rb:301:in `block in run'
puma (3.10.0) lib/puma/thread_pool.rb:120:in `block in spawn_thread'
Started GET "/contact" for 127.0.0.1 at 2017-10-13 11:47:24 +1000
  
ActiveRecord::PendingMigrationError (

Migrations are pending. To resolve this issue, run:

        bin/rails db:migrate RAILS_ENV=development

):
  
activerecord (5.1.4) lib/active_record/migration.rb:576:in `check_pending!'
activerecord (5.1.4) lib/active_record/migration.rb:553:in `call'
actionpack (5.1.4) lib/action_dispatch/middleware/callbacks.rb:26:in `block in call'
activesupport (5.1.4) lib/active_support/callbacks.rb:97:in `run_callbacks'
actionpack (5.1.4) lib/action_dispatch/middleware/callbacks.rb:24:in `call'
actionpack (5.1.4) lib/action_dispatch/middleware/executor.rb:12:in `call'
actionpack (5.1.4) lib/action_dispatch/middleware/debug_exceptions.rb:59:in `call'
web-console (3.5.1) lib/web_console/middleware.rb:135:in `call_app'
web-console (3.5.1) lib/web_console/middleware.rb:28:in `block in call'
web-console (3.5.1) lib/web_console/middleware.rb:18:in `catch'
web-console (3.5.1) lib/web_console/middleware.rb:18:in `call'
actionpack (5.1.4) lib/action_dispatch/middleware/show_exceptions.rb:31:in `call'
railties (5.1.4) lib/rails/rack/logger.rb:36:in `call_app'
railties (5.1.4) lib/rails/rack/logger.rb:24:in `block in call'
activesupport (5.1.4) lib/active_support/tagged_logging.rb:69:in `block in tagged'
activesupport (5.1.4) lib/active_support/tagged_logging.rb:26:in `tagged'
activesupport (5.1.4) lib/active_support/tagged_logging.rb:69:in `tagged'
railties (5.1.4) lib/rails/rack/logger.rb:24:in `call'
sprockets-rails (3.2.1) lib/sprockets/rails/quiet_assets.rb:13:in `call'
actionpack (5.1.4) lib/action_dispatch/middleware/remote_ip.rb:79:in `call'
actionpack (5.1.4) lib/action_dispatch/middleware/request_id.rb:25:in `call'
rack (2.0.3) lib/rack/method_override.rb:22:in `call'
rack (2.0.3) lib/rack/runtime.rb:22:in `call'
activesupport (5.1.4) lib/active_support/cache/strategy/local_cache_middleware.rb:27:in `call'
actionpack (5.1.4) lib/action_dispatch/middleware/executor.rb:12:in `call'
actionpack (5.1.4) lib/action_dispatch/middleware/static.rb:125:in `call'
rack (2.0.3) lib/rack/sendfile.rb:111:in `call'
railties (5.1.4) lib/rails/engine.rb:522:in `call'
puma (3.10.0) lib/puma/configuration.rb:225:in `call'
puma (3.10.0) lib/puma/server.rb:605:in `handle_request'
puma (3.10.0) lib/puma/server.rb:437:in `process_client'
puma (3.10.0) lib/puma/server.rb:301:in `block in run'
puma (3.10.0) lib/puma/thread_pool.rb:120:in `block in spawn_thread'
  [1m[35m (0.0ms)[0m  [1m[34mSELECT sqlite_version(*)[0m
  [1m[35m (15.6ms)[0m  [1m[35mCREATE TABLE "schema_migrations" ("version" varchar NOT NULL PRIMARY KEY)[0m
  [1m[35m (0.0ms)[0m  [1m[35mCREATE TABLE "ar_internal_metadata" ("key" varchar NOT NULL PRIMARY KEY, "value" varchar, "created_at" datetime NOT NULL, "updated_at" datetime NOT NULL)[0m
  [1m[35m (0.0ms)[0m  [1m[34mSELECT "schema_migrations"."version" FROM "schema_migrations" ORDER BY "schema_migrations"."version" ASC[0m
Migrating to CreatePosts (20171013014029)
  [1m[35m (0.0ms)[0m  [1m[36mbegin transaction[0m
  [1m[35m (0.0ms)[0m  [1m[35mCREATE TABLE "posts" ("id" INTEGER PRIMARY KEY AUTOINCREMENT NOT NULL, "title" varchar, "content" text, "created_at" datetime NOT NULL, "updated_at" datetime NOT NULL)[0m
  [1m[35mSQL (0.0ms)[0m  [1m[32mINSERT INTO "schema_migrations" ("version") VALUES (?)[0m  [["version", "20171013014029"]]
  [1m[35m (0.0ms)[0m  [1m[36mcommit transaction[0m
  [1m[36mActiveRecord::InternalMetadata Load (0.0ms)[0m  [1m[34mSELECT  "ar_internal_metadata".* FROM "ar_internal_metadata" WHERE "ar_internal_metadata"."key" = ? LIMIT ?[0m  [["key", "environment"], ["LIMIT", 1]]
  [1m[35m (0.0ms)[0m  [1m[36mbegin transaction[0m
  [1m[35mSQL (0.0ms)[0m  [1m[32mINSERT INTO "ar_internal_metadata" ("key", "value", "created_at", "updated_at") VALUES (?, ?, ?, ?)[0m  [["key", "environment"], ["value", "development"], ["created_at", "2017-10-13 01:47:43.236839"], ["updated_at", "2017-10-13 01:47:43.236839"]]
  [1m[35m (15.6ms)[0m  [1m[36mcommit transaction[0m
  [1m[35m (0.0ms)[0m  [1m[34mSELECT "schema_migrations"."version" FROM "schema_migrations" ORDER BY "schema_migrations"."version" ASC[0m
Started GET "/contact" for 127.0.0.1 at 2017-10-13 11:48:00 +1000
  [1m[35m (0.0ms)[0m  [1m[34mSELECT "schema_migrations"."version" FROM "schema_migrations" ORDER BY "schema_migrations"."version" ASC[0m
Processing by PagesController#contact as HTML
  Rendering pages/contact.html.erb within layouts/application
  Rendered pages/contact.html.erb within layouts/application (4.0ms)
  Rendered shared/_menu.html.erb (0.0ms)
Completed 200 OK in 668ms (Views: 636.1ms | ActiveRecord: 0.0ms)


Started GET "/" for 127.0.0.1 at 2017-10-13 11:48:29 +1000
Processing by PagesController#home as HTML
  Rendering pages/home.html.erb within layouts/application
  Rendered pages/home.html.erb within layouts/application (4.0ms)
  Rendered shared/_menu.html.erb (0.0ms)
Completed 200 OK in 167ms (Views: 154.3ms | ActiveRecord: 0.0ms)


Started GET "/" for 127.0.0.1 at 2017-10-13 11:48:32 +1000
Processing by PagesController#home as HTML
  Rendering pages/home.html.erb within layouts/application
  Rendered pages/home.html.erb within layouts/application (0.0ms)
  Rendered shared/_menu.html.erb (0.0ms)
Completed 200 OK in 147ms (Views: 134.6ms | ActiveRecord: 0.0ms)


Started GET "/" for 127.0.0.1 at 2017-10-13 11:48:40 +1000
Processing by PagesController#home as HTML
  Rendering pages/home.html.erb within layouts/application
  Rendered pages/home.html.erb within layouts/application (0.0ms)
  Rendered shared/_menu.html.erb (0.0ms)
Completed 200 OK in 167ms (Views: 145.2ms | ActiveRecord: 0.0ms)


Started GET "/posts" for 127.0.0.1 at 2017-10-13 11:48:55 +1000
Processing by PostsController#index as HTML
  Rendering posts/index.html.erb within layouts/application
  [1m[36mPost Load (0.0ms)[0m  [1m[34mSELECT "posts".* FROM "posts"[0m
  Rendered posts/index.html.erb within layouts/application (8.0ms)
  Rendered shared/_menu.html.erb (0.0ms)
Completed 200 OK in 188ms (Views: 161.2ms | ActiveRecord: 0.0ms)


  [1m[35m (0.0ms)[0m  [1m[34mSELECT "schema_migrations"."version" FROM "schema_migrations" ORDER BY "schema_migrations"."version" ASC[0m
Migrating to DeviseCreateUsers (20171013015057)
  [1m[35m (15.6ms)[0m  [1m[36mbegin transaction[0m
  [1m[35m (0.0ms)[0m  [1m[34mSELECT sqlite_version(*)[0m
  [1m[35m (0.0ms)[0m  [1m[35mCREATE TABLE "users" ("id" INTEGER PRIMARY KEY AUTOINCREMENT NOT NULL, "email" varchar DEFAULT '' NOT NULL, "encrypted_password" varchar DEFAULT '' NOT NULL, "reset_password_token" varchar, "reset_password_sent_at" datetime, "remember_created_at" datetime, "sign_in_count" integer DEFAULT 0 NOT NULL, "current_sign_in_at" datetime, "last_sign_in_at" datetime, "current_sign_in_ip" varchar, "last_sign_in_ip" varchar, "created_at" datetime NOT NULL, "updated_at" datetime NOT NULL)[0m
  [1m[35m (0.0ms)[0m  [1m[35mCREATE UNIQUE INDEX "index_users_on_email" ON "users" ("email")[0m
  [1m[35m (0.0ms)[0m  [1m[34m            SELECT sql
            FROM sqlite_master
            WHERE name='index_users_on_email' AND type='index'
            UNION ALL
            SELECT sql
            FROM sqlite_temp_master
            WHERE name='index_users_on_email' AND type='index'
[0m
  [1m[35m (0.0ms)[0m  [1m[35mCREATE UNIQUE INDEX "index_users_on_reset_password_token" ON "users" ("reset_password_token")[0m
  [1m[35mSQL (0.0ms)[0m  [1m[32mINSERT INTO "schema_migrations" ("version") VALUES (?)[0m  [["version", "20171013015057"]]
  [1m[35m (0.0ms)[0m  [1m[36mcommit transaction[0m
  [1m[36mActiveRecord::InternalMetadata Load (0.0ms)[0m  [1m[34mSELECT  "ar_internal_metadata".* FROM "ar_internal_metadata" WHERE "ar_internal_metadata"."key" = ? LIMIT ?[0m  [["key", "environment"], ["LIMIT", 1]]
  [1m[35m (0.0ms)[0m  [1m[36mbegin transaction[0m
  [1m[35m (0.0ms)[0m  [1m[36mcommit transaction[0m
  [1m[35m (0.0ms)[0m  [1m[34mSELECT "schema_migrations"."version" FROM "schema_migrations" ORDER BY "schema_migrations"."version" ASC[0m
  [1m[35m (0.0ms)[0m  [1m[34m            SELECT sql
            FROM sqlite_master
            WHERE name='index_users_on_reset_password_token' AND type='index'
            UNION ALL
            SELECT sql
            FROM sqlite_temp_master
            WHERE name='index_users_on_reset_password_token' AND type='index'
[0m
  [1m[35m (0.0ms)[0m  [1m[34m            SELECT sql
            FROM sqlite_master
            WHERE name='index_users_on_email' AND type='index'
            UNION ALL
            SELECT sql
            FROM sqlite_temp_master
            WHERE name='index_users_on_email' AND type='index'
[0m
Started GET "/" for 127.0.0.1 at 2017-10-13 11:54:16 +1000
  [1m[35m (0.0ms)[0m  [1m[34mSELECT "schema_migrations"."version" FROM "schema_migrations" ORDER BY "schema_migrations"."version" ASC[0m
Processing by PagesController#home as HTML
Completed 401 Unauthorized in 32ms (ActiveRecord: 0.0ms)


Started GET "/users/sign_in" for 127.0.0.1 at 2017-10-13 11:54:28 +1000
Processing by Devise::SessionsController#new as HTML
  Rendering C:/Coding/Ruby/lib/ruby/gems/2.4.0/gems/devise-4.3.0/app/views/devise/sessions/new.html.erb within layouts/application
  Rendered C:/Coding/Ruby/lib/ruby/gems/2.4.0/gems/devise-4.3.0/app/views/devise/shared/_links.html.erb (0.0ms)
  Rendered C:/Coding/Ruby/lib/ruby/gems/2.4.0/gems/devise-4.3.0/app/views/devise/sessions/new.html.erb within layouts/application (88.0ms)
  Rendered shared/_menu.html.erb (0.0ms)
Completed 200 OK in 672ms (Views: 646.3ms | ActiveRecord: 4.0ms)


Started GET "/users/sign_up" for 127.0.0.1 at 2017-10-13 11:54:36 +1000
Processing by Devise::RegistrationsController#new as HTML
  Rendering C:/Coding/Ruby/lib/ruby/gems/2.4.0/gems/devise-4.3.0/app/views/devise/registrations/new.html.erb within layouts/application
  Rendered C:/Coding/Ruby/lib/ruby/gems/2.4.0/gems/devise-4.3.0/app/views/devise/shared/_links.html.erb (0.0ms)
  Rendered C:/Coding/Ruby/lib/ruby/gems/2.4.0/gems/devise-4.3.0/app/views/devise/registrations/new.html.erb within layouts/application (46.9ms)
  Rendered shared/_menu.html.erb (0.0ms)
Completed 200 OK in 281ms (Views: 278.3ms | ActiveRecord: 0.0ms)


Started POST "/users" for 127.0.0.1 at 2017-10-13 11:54:50 +1000
Processing by Devise::RegistrationsController#create as HTML
  Parameters: {"utf8"=>"✓", "authenticity_token"=>"uLFNm0pYun1VpaE4RHMdG86LTcCujkgeOZKuOI6hoJjpSPciLrtpXuGKFpS6rLnRRSspDINe+OAAJYITXr2ooA==", "user"=>{"email"=>"test@test.com", "password"=>"[FILTERED]", "password_confirmation"=>"[FILTERED]"}, "commit"=>"Sign up"}
Completed 500 Internal Server Error in 24ms (ActiveRecord: 0.0ms)


  
LoadError (cannot load such file -- bcrypt_ext):
  
activesupport (5.1.4) lib/active_support/dependencies.rb:292:in `require'
activesupport (5.1.4) lib/active_support/dependencies.rb:292:in `block in require'
activesupport (5.1.4) lib/active_support/dependencies.rb:258:in `load_dependency'
activesupport (5.1.4) lib/active_support/dependencies.rb:292:in `require'
bcrypt-3.1.11-x64 (mingw32) lib/bcrypt.rb:16:in `rescue in <top (required)>'
bcrypt-3.1.11-x64 (mingw32) lib/bcrypt.rb:12:in `<top (required)>'
activesupport (5.1.4) lib/active_support/dependencies.rb:292:in `require'
activesupport (5.1.4) lib/active_support/dependencies.rb:292:in `block in require'
activesupport (5.1.4) lib/active_support/dependencies.rb:258:in `load_dependency'
activesupport (5.1.4) lib/active_support/dependencies.rb:292:in `require'
devise (4.3.0) lib/devise/encryptor.rb:1:in `<top (required)>'
activesupport (5.1.4) lib/active_support/dependencies.rb:292:in `require'
activesupport (5.1.4) lib/active_support/dependencies.rb:292:in `block in require'
activesupport (5.1.4) lib/active_support/dependencies.rb:258:in `load_dependency'
activesupport (5.1.4) lib/active_support/dependencies.rb:292:in `require'
devise (4.3.0) lib/devise/models/database_authenticatable.rb:165:in `password_digest'
devise (4.3.0) lib/devise/models/database_authenticatable.rb:45:in `password='
activemodel (5.1.4) lib/active_model/attribute_assignment.rb:46:in `public_send'
activemodel (5.1.4) lib/active_model/attribute_assignment.rb:46:in `_assign_attribute'
activemodel (5.1.4) lib/active_model/attribute_assignment.rb:40:in `block in _assign_attributes'
activemodel (5.1.4) lib/active_model/attribute_assignment.rb:39:in `each'
activemodel (5.1.4) lib/active_model/attribute_assignment.rb:39:in `_assign_attributes'
activerecord (5.1.4) lib/active_record/attribute_assignment.rb:26:in `_assign_attributes'
activemodel (5.1.4) lib/active_model/attribute_assignment.rb:33:in `assign_attributes'
activerecord (5.1.4) lib/active_record/core.rb:337:in `initialize'
activerecord (5.1.4) lib/active_record/inheritance.rb:66:in `new'
activerecord (5.1.4) lib/active_record/inheritance.rb:66:in `new'
devise (4.3.0) lib/devise/models/registerable.rb:20:in `new_with_session'
devise (4.3.0) app/controllers/devise/registrations_controller.rb:101:in `build_resource'
devise (4.3.0) app/controllers/devise/registrations_controller.rb:15:in `create'
actionpack (5.1.4) lib/action_controller/metal/basic_implicit_render.rb:4:in `send_action'
actionpack (5.1.4) lib/abstract_controller/base.rb:186:in `process_action'
actionpack (5.1.4) lib/action_controller/metal/rendering.rb:30:in `process_action'
actionpack (5.1.4) lib/abstract_controller/callbacks.rb:20:in `block in process_action'
activesupport (5.1.4) lib/active_support/callbacks.rb:131:in `run_callbacks'
actionpack (5.1.4) lib/abstract_controller/callbacks.rb:19:in `process_action'
actionpack (5.1.4) lib/action_controller/metal/rescue.rb:20:in `process_action'
actionpack (5.1.4) lib/action_controller/metal/instrumentation.rb:32:in `block in process_action'
activesupport (5.1.4) lib/active_support/notifications.rb:166:in `block in instrument'
activesupport (5.1.4) lib/active_support/notifications/instrumenter.rb:21:in `instrument'
activesupport (5.1.4) lib/active_support/notifications.rb:166:in `instrument'
actionpack (5.1.4) lib/action_controller/metal/instrumentation.rb:30:in `process_action'
actionpack (5.1.4) lib/action_controller/metal/params_wrapper.rb:252:in `process_action'
activerecord (5.1.4) lib/active_record/railties/controller_runtime.rb:22:in `process_action'
actionpack (5.1.4) lib/abstract_controller/base.rb:124:in `process'
actionview (5.1.4) lib/action_view/rendering.rb:30:in `process'
actionpack (5.1.4) lib/action_controller/metal.rb:189:in `dispatch'
actionpack (5.1.4) lib/action_controller/metal.rb:253:in `dispatch'
actionpack (5.1.4) lib/action_dispatch/routing/route_set.rb:49:in `dispatch'
actionpack (5.1.4) lib/action_dispatch/routing/route_set.rb:31:in `serve'
actionpack (5.1.4) lib/action_dispatch/routing/mapper.rb:16:in `block in <class:Constraints>'
actionpack (5.1.4) lib/action_dispatch/routing/mapper.rb:46:in `serve'
actionpack (5.1.4) lib/action_dispatch/journey/router.rb:50:in `block in serve'
actionpack (5.1.4) lib/action_dispatch/journey/router.rb:33:in `each'
actionpack (5.1.4) lib/action_dispatch/journey/router.rb:33:in `serve'
actionpack (5.1.4) lib/action_dispatch/routing/route_set.rb:834:in `call'
warden (1.2.7) lib/warden/manager.rb:36:in `block in call'
warden (1.2.7) lib/warden/manager.rb:35:in `catch'
warden (1.2.7) lib/warden/manager.rb:35:in `call'
rack (2.0.3) lib/rack/etag.rb:25:in `call'
rack (2.0.3) lib/rack/conditional_get.rb:38:in `call'
rack (2.0.3) lib/rack/head.rb:12:in `call'
rack (2.0.3) lib/rack/session/abstract/id.rb:232:in `context'
rack (2.0.3) lib/rack/session/abstract/id.rb:226:in `call'
actionpack (5.1.4) lib/action_dispatch/middleware/cookies.rb:613:in `call'
activerecord (5.1.4) lib/active_record/migration.rb:556:in `call'
actionpack (5.1.4) lib/action_dispatch/middleware/callbacks.rb:26:in `block in call'
activesupport (5.1.4) lib/active_support/callbacks.rb:97:in `run_callbacks'
actionpack (5.1.4) lib/action_dispatch/middleware/callbacks.rb:24:in `call'
actionpack (5.1.4) lib/action_dispatch/middleware/executor.rb:12:in `call'
actionpack (5.1.4) lib/action_dispatch/middleware/debug_exceptions.rb:59:in `call'
web-console (3.5.1) lib/web_console/middleware.rb:135:in `call_app'
web-console (3.5.1) lib/web_console/middleware.rb:28:in `block in call'
web-console (3.5.1) lib/web_console/middleware.rb:18:in `catch'
web-console (3.5.1) lib/web_console/middleware.rb:18:in `call'
actionpack (5.1.4) lib/action_dispatch/middleware/show_exceptions.rb:31:in `call'
railties (5.1.4) lib/rails/rack/logger.rb:36:in `call_app'
railties (5.1.4) lib/rails/rack/logger.rb:24:in `block in call'
activesupport (5.1.4) lib/active_support/tagged_logging.rb:69:in `block in tagged'
activesupport (5.1.4) lib/active_support/tagged_logging.rb:26:in `tagged'
activesupport (5.1.4) lib/active_support/tagged_logging.rb:69:in `tagged'
railties (5.1.4) lib/rails/rack/logger.rb:24:in `call'
sprockets-rails (3.2.1) lib/sprockets/rails/quiet_assets.rb:13:in `call'
actionpack (5.1.4) lib/action_dispatch/middleware/remote_ip.rb:79:in `call'
actionpack (5.1.4) lib/action_dispatch/middleware/request_id.rb:25:in `call'
rack (2.0.3) lib/rack/method_override.rb:22:in `call'
rack (2.0.3) lib/rack/runtime.rb:22:in `call'
activesupport (5.1.4) lib/active_support/cache/strategy/local_cache_middleware.rb:27:in `call'
actionpack (5.1.4) lib/action_dispatch/middleware/executor.rb:12:in `call'
actionpack (5.1.4) lib/action_dispatch/middleware/static.rb:125:in `call'
rack (2.0.3) lib/rack/sendfile.rb:111:in `call'
railties (5.1.4) lib/rails/engine.rb:522:in `call'
puma (3.10.0) lib/puma/configuration.rb:225:in `call'
puma (3.10.0) lib/puma/server.rb:605:in `handle_request'
puma (3.10.0) lib/puma/server.rb:437:in `process_client'
puma (3.10.0) lib/puma/server.rb:301:in `block in run'
puma (3.10.0) lib/puma/thread_pool.rb:120:in `block in spawn_thread'
Started POST "/users" for 127.0.0.1 at 2017-10-13 11:59:17 +1000
  [1m[35m (0.0ms)[0m  [1m[34mSELECT "schema_migrations"."version" FROM "schema_migrations" ORDER BY "schema_migrations"."version" ASC[0m
Processing by Devise::RegistrationsController#create as HTML
  Parameters: {"utf8"=>"✓", "authenticity_token"=>"uLFNm0pYun1VpaE4RHMdG86LTcCujkgeOZKuOI6hoJjpSPciLrtpXuGKFpS6rLnRRSspDINe+OAAJYITXr2ooA==", "user"=>{"email"=>"test@test.com", "password"=>"[FILTERED]", "password_confirmation"=>"[FILTERED]"}, "commit"=>"Sign up"}
  [1m[35m (0.0ms)[0m  [1m[36mbegin transaction[0m
  [1m[36mUser Exists (0.0ms)[0m  [1m[34mSELECT  1 AS one FROM "users" WHERE "users"."email" = ? LIMIT ?[0m  [["email", "test@test.com"], ["LIMIT", 1]]
  [1m[35mSQL (0.0ms)[0m  [1m[32mINSERT INTO "users" ("email", "encrypted_password", "created_at", "updated_at") VALUES (?, ?, ?, ?)[0m  [["email", "test@test.com"], ["encrypted_password", "$2a$11$OWKbcGrhIC6gq09hCy0V6e9Z6D61hehLm08FFV2xGWIq39hEYMzDO"], ["created_at", "2017-10-13 01:59:30.667986"], ["updated_at", "2017-10-13 01:59:30.667986"]]
  [1m[35m (12.0ms)[0m  [1m[36mcommit transaction[0m
  [1m[35m (0.0ms)[0m  [1m[36mbegin transaction[0m
  [1m[35mSQL (0.0ms)[0m  [1m[33mUPDATE "users" SET "sign_in_count" = ?, "current_sign_in_at" = ?, "last_sign_in_at" = ?, "current_sign_in_ip" = ?, "last_sign_in_ip" = ?, "updated_at" = ? WHERE "users"."id" = ?[0m  [["sign_in_count", 1], ["current_sign_in_at", "2017-10-13 01:59:30.708020"], ["last_sign_in_at", "2017-10-13 01:59:30.708020"], ["current_sign_in_ip", "127.0.0.1"], ["last_sign_in_ip", "127.0.0.1"], ["updated_at", "2017-10-13 01:59:30.712007"], ["id", 1]]
  [1m[35m (8.0ms)[0m  [1m[36mcommit transaction[0m
Redirected to http://localhost:3000/
Completed 302 Found in 13117ms (ActiveRecord: 20.0ms)


Started GET "/" for 127.0.0.1 at 2017-10-13 11:59:30 +1000
Processing by PagesController#home as HTML
  [1m[36mUser Load (0.5ms)[0m  [1m[34mSELECT  "users".* FROM "users" WHERE "users"."id" = ? ORDER BY "users"."id" ASC LIMIT ?[0m  [["id", 1], ["LIMIT", 1]]
  Rendering pages/home.html.erb within layouts/application
  Rendered pages/home.html.erb within layouts/application (2.5ms)
  Rendered shared/_menu.html.erb (0.0ms)
Completed 200 OK in 553ms (Views: 528.1ms | ActiveRecord: 0.5ms)


Started GET "/" for 127.0.0.1 at 2017-10-13 11:59:38 +1000
Processing by PagesController#home as HTML
  [1m[36mUser Load (0.0ms)[0m  [1m[34mSELECT  "users".* FROM "users" WHERE "users"."id" = ? ORDER BY "users"."id" ASC LIMIT ?[0m  [["id", 1], ["LIMIT", 1]]
  Rendering pages/home.html.erb within layouts/application
  Rendered pages/home.html.erb within layouts/application (0.0ms)
  Rendered shared/_menu.html.erb (0.0ms)
Completed 200 OK in 216ms (Views: 187.9ms | ActiveRecord: 0.0ms)


Started GET "/" for 127.0.0.1 at 2017-10-13 13:51:15 +1000
Processing by PagesController#home as HTML
  [1m[36mUser Load (0.0ms)[0m  [1m[34mSELECT  "users".* FROM "users" WHERE "users"."id" = ? ORDER BY "users"."id" ASC LIMIT ?[0m  [["id", 1], ["LIMIT", 1]]
  Rendering pages/home.html.erb within layouts/application
  Rendered pages/home.html.erb within layouts/application (4.0ms)
  Rendered shared/_menu.html.erb (4.0ms)
Completed 200 OK in 208ms (Views: 185.2ms | ActiveRecord: 0.0ms)


Started GET "/" for 127.0.0.1 at 2017-10-13 14:43:03 +1000
  [1m[35m (0.0ms)[0m  [1m[34mSELECT "schema_migrations"."version" FROM "schema_migrations" ORDER BY "schema_migrations"."version" ASC[0m
Processing by PagesController#home as HTML
  [1m[36mUser Load (0.0ms)[0m  [1m[34mSELECT  "users".* FROM "users" WHERE "users"."id" = ? ORDER BY "users"."id" ASC LIMIT ?[0m  [["id", 1], ["LIMIT", 1]]
  Rendering pages/home.html.erb within layouts/application
  Rendered pages/home.html.erb within layouts/application (2.0ms)
  Rendered shared/_menu.html.erb (0.0ms)
Completed 500 Internal Server Error in 583ms (ActiveRecord: 0.0ms)


  
SyntaxError (C:/code/s2/week03/pairprogram/app/views/shared/_menu.html.erb:19: syntax error, unexpected ',', expecting ')'
er.append=( link_to ('Logout', destroy_user_session_path, me
                              ^
C:/code/s2/week03/pairprogram/app/views/shared/_menu.html.erb:19: syntax error, unexpected ')', expecting keyword_end
 :delete, class: 'nav-link') );@output_buffer.safe_append='
                              ^):
  
app/views/shared/_menu.html.erb:19: syntax error, unexpected ',', expecting ')'
app/views/shared/_menu.html.erb:19: syntax error, unexpected ')', expecting keyword_end
app/views/layouts/application.html.erb:13:in `_app_views_layouts_application_html_erb__550688202_69549600'
Started GET "/" for 127.0.0.1 at 2017-10-13 14:44:39 +1000
Processing by PagesController#home as HTML
  [1m[36mUser Load (0.0ms)[0m  [1m[34mSELECT  "users".* FROM "users" WHERE "users"."id" = ? ORDER BY "users"."id" ASC LIMIT ?[0m  [["id", 1], ["LIMIT", 1]]
  Rendering pages/home.html.erb within layouts/application
  Rendered pages/home.html.erb within layouts/application (0.0ms)
  Rendered shared/_menu.html.erb (0.0ms)
Completed 200 OK in 208ms (Views: 185.2ms | ActiveRecord: 0.0ms)


Started GET "/" for 127.0.0.1 at 2017-10-13 14:45:11 +1000
Processing by PagesController#home as HTML
  [1m[36mUser Load (0.0ms)[0m  [1m[34mSELECT  "users".* FROM "users" WHERE "users"."id" = ? ORDER BY "users"."id" ASC LIMIT ?[0m  [["id", 1], ["LIMIT", 1]]
  Rendering pages/home.html.erb within layouts/application
  Rendered pages/home.html.erb within layouts/application (0.0ms)
  Rendered shared/_menu.html.erb (0.0ms)
Completed 200 OK in 193ms (Views: 180.8ms | ActiveRecord: 0.0ms)


Started DELETE "/users/sign_out" for 127.0.0.1 at 2017-10-13 14:45:27 +1000
Processing by Devise::SessionsController#destroy as HTML
  Parameters: {"authenticity_token"=>"9ru2WsB27DWlH/6Eurx0U2Bh7r7zFmeVA49Wosii1SAiKkiKi6Na+1C9EydhrYe10q+QKn9pTnf4yRV+pC6GUQ=="}
  [1m[36mUser Load (0.0ms)[0m  [1m[34mSELECT  "users".* FROM "users" WHERE "users"."id" = ? ORDER BY "users"."id" ASC LIMIT ?[0m  [["id", 1], ["LIMIT", 1]]
  [1m[35m (0.0ms)[0m  [1m[36mbegin transaction[0m
  [1m[35m (0.0ms)[0m  [1m[36mcommit transaction[0m
Redirected to http://localhost:3000/
Completed 302 Found in 36ms (ActiveRecord: 0.0ms)


Started GET "/" for 127.0.0.1 at 2017-10-13 14:45:27 +1000
Processing by PagesController#home as HTML
Completed 401 Unauthorized in 8ms (ActiveRecord: 0.0ms)


Started GET "/users/sign_in" for 127.0.0.1 at 2017-10-13 14:45:27 +1000
Processing by Devise::SessionsController#new as HTML
  Rendering C:/Coding/Ruby/lib/ruby/gems/2.4.0/gems/devise-4.3.0/app/views/devise/sessions/new.html.erb within layouts/application
  Rendered C:/Coding/Ruby/lib/ruby/gems/2.4.0/gems/devise-4.3.0/app/views/devise/shared/_links.html.erb (0.0ms)
  Rendered C:/Coding/Ruby/lib/ruby/gems/2.4.0/gems/devise-4.3.0/app/views/devise/sessions/new.html.erb within layouts/application (72.0ms)
  Rendered shared/_menu.html.erb (0.0ms)
Completed 200 OK in 300ms (Views: 296.8ms | ActiveRecord: 0.0ms)


Started GET "/posts" for 127.0.0.1 at 2017-10-13 14:45:30 +1000
Processing by PostsController#index as HTML
Completed 401 Unauthorized in 0ms (ActiveRecord: 0.0ms)


Started GET "/users/sign_in" for 127.0.0.1 at 2017-10-13 14:45:30 +1000
Processing by Devise::SessionsController#new as HTML
  Rendering C:/Coding/Ruby/lib/ruby/gems/2.4.0/gems/devise-4.3.0/app/views/devise/sessions/new.html.erb within layouts/application
  Rendered C:/Coding/Ruby/lib/ruby/gems/2.4.0/gems/devise-4.3.0/app/views/devise/shared/_links.html.erb (0.0ms)
  Rendered C:/Coding/Ruby/lib/ruby/gems/2.4.0/gems/devise-4.3.0/app/views/devise/sessions/new.html.erb within layouts/application (46.9ms)
  Rendered shared/_menu.html.erb (0.0ms)
Completed 200 OK in 258ms (Views: 270.9ms | ActiveRecord: 0.0ms)


Started GET "/about" for 127.0.0.1 at 2017-10-13 14:45:32 +1000
Processing by PagesController#about as HTML
Completed 401 Unauthorized in 0ms (ActiveRecord: 0.0ms)


Started GET "/users/sign_in" for 127.0.0.1 at 2017-10-13 14:45:32 +1000
Processing by Devise::SessionsController#new as HTML
  Rendering C:/Coding/Ruby/lib/ruby/gems/2.4.0/gems/devise-4.3.0/app/views/devise/sessions/new.html.erb within layouts/application
  Rendered C:/Coding/Ruby/lib/ruby/gems/2.4.0/gems/devise-4.3.0/app/views/devise/shared/_links.html.erb (0.0ms)
  Rendered C:/Coding/Ruby/lib/ruby/gems/2.4.0/gems/devise-4.3.0/app/views/devise/sessions/new.html.erb within layouts/application (46.9ms)
  Rendered shared/_menu.html.erb (0.0ms)
Completed 200 OK in 266ms (Views: 269.4ms | ActiveRecord: 0.0ms)


Started GET "/contact" for 127.0.0.1 at 2017-10-13 14:45:33 +1000
Processing by PagesController#contact as HTML
Completed 401 Unauthorized in 0ms (ActiveRecord: 0.0ms)


Started GET "/users/sign_in" for 127.0.0.1 at 2017-10-13 14:45:33 +1000
Processing by Devise::SessionsController#new as HTML
  Rendering C:/Coding/Ruby/lib/ruby/gems/2.4.0/gems/devise-4.3.0/app/views/devise/sessions/new.html.erb within layouts/application
  Rendered C:/Coding/Ruby/lib/ruby/gems/2.4.0/gems/devise-4.3.0/app/views/devise/shared/_links.html.erb (0.0ms)
  Rendered C:/Coding/Ruby/lib/ruby/gems/2.4.0/gems/devise-4.3.0/app/views/devise/sessions/new.html.erb within layouts/application (46.9ms)
  Rendered shared/_menu.html.erb (0.0ms)
Completed 200 OK in 275ms (Views: 275.7ms | ActiveRecord: 0.0ms)


Started DELETE "/users/sign_out" for 127.0.0.1 at 2017-10-13 14:45:33 +1000
Processing by Devise::SessionsController#destroy as HTML
  Parameters: {"authenticity_token"=>"44pbHZ3A8W3NqqJsxVl74tuiYY0ptoOH97Hsk/pD6IaNMmhoWUuYJI/Dfq5Rnc9Up5o4gVrj8jCoFHIWdlaOjQ=="}
Redirected to http://localhost:3000/
Filter chain halted as :verify_signed_out_user rendered or redirected
Completed 302 Found in 4ms (ActiveRecord: 0.0ms)


Started GET "/" for 127.0.0.1 at 2017-10-13 14:45:33 +1000
Processing by PagesController#home as HTML
Completed 401 Unauthorized in 0ms (ActiveRecord: 0.0ms)


Started GET "/users/sign_in" for 127.0.0.1 at 2017-10-13 14:45:33 +1000
Processing by Devise::SessionsController#new as HTML
  Rendering C:/Coding/Ruby/lib/ruby/gems/2.4.0/gems/devise-4.3.0/app/views/devise/sessions/new.html.erb within layouts/application
  Rendered C:/Coding/Ruby/lib/ruby/gems/2.4.0/gems/devise-4.3.0/app/views/devise/shared/_links.html.erb (0.0ms)
  Rendered C:/Coding/Ruby/lib/ruby/gems/2.4.0/gems/devise-4.3.0/app/views/devise/sessions/new.html.erb within layouts/application (48.0ms)
  Rendered shared/_menu.html.erb (0.0ms)
Completed 200 OK in 284ms (Views: 281.6ms | ActiveRecord: 0.0ms)


Started GET "/contact" for 127.0.0.1 at 2017-10-13 14:45:36 +1000
Processing by PagesController#contact as HTML
Completed 401 Unauthorized in 0ms (ActiveRecord: 0.0ms)


Started GET "/users/sign_in" for 127.0.0.1 at 2017-10-13 14:45:36 +1000
Processing by Devise::SessionsController#new as HTML
  Rendering C:/Coding/Ruby/lib/ruby/gems/2.4.0/gems/devise-4.3.0/app/views/devise/sessions/new.html.erb within layouts/application
  Rendered C:/Coding/Ruby/lib/ruby/gems/2.4.0/gems/devise-4.3.0/app/views/devise/shared/_links.html.erb (0.0ms)
  Rendered C:/Coding/Ruby/lib/ruby/gems/2.4.0/gems/devise-4.3.0/app/views/devise/sessions/new.html.erb within layouts/application (46.9ms)
  Rendered shared/_menu.html.erb (0.0ms)
Completed 200 OK in 257ms (Views: 270.1ms | ActiveRecord: 0.0ms)


